\BOOKMARK [1][-]{section.1}{Introduction}{}% 1
\BOOKMARK [1][-]{section.2}{Physical Theory}{}% 2
\BOOKMARK [2][-]{subsection.2.1}{The Standard Model}{section.2}% 3
\BOOKMARK [2][-]{subsection.2.2}{Describing the Standard Model Mathematically}{section.2}% 4
\BOOKMARK [3][-]{subsubsection.2.2.1}{Quantum Chromodynamics}{subsection.2.2}% 5
\BOOKMARK [3][-]{subsubsection.2.2.2}{Electroweak Theory}{subsection.2.2}% 6
\BOOKMARK [3][-]{subsubsection.2.2.3}{Higgs Mechanism}{subsection.2.2}% 7
\BOOKMARK [2][-]{subsection.2.3}{Signal Processes}{section.2}% 8
\BOOKMARK [2][-]{subsection.2.4}{Background Processes}{section.2}% 9
\BOOKMARK [1][-]{section.3}{LHC and ATLAS}{}% 10
\BOOKMARK [2][-]{subsection.3.1}{LHC}{section.3}% 11
\BOOKMARK [3][-]{subsubsection.3.1.1}{Acceleration at the LHC}{subsection.3.1}% 12
\BOOKMARK [3][-]{subsubsection.3.1.2}{Beam Structure}{subsection.3.1}% 13
\BOOKMARK [3][-]{subsubsection.3.1.3}{Luminosity}{subsection.3.1}% 14
\BOOKMARK [3][-]{subsubsection.3.1.4}{Pileup}{subsection.3.1}% 15
\BOOKMARK [2][-]{subsection.3.2}{ATLAS}{section.3}% 16
\BOOKMARK [3][-]{subsubsection.3.2.1}{The ATLAS Coordinate System}{subsection.3.2}% 17
\BOOKMARK [3][-]{subsubsection.3.2.2}{The Magnet System}{subsection.3.2}% 18
\BOOKMARK [3][-]{subsubsection.3.2.3}{The Inner Detector}{subsection.3.2}% 19
\BOOKMARK [3][-]{subsubsection.3.2.4}{The Calorimeters}{subsection.3.2}% 20
\BOOKMARK [3][-]{subsubsection.3.2.5}{The Muon Spectrometer}{subsection.3.2}% 21
\BOOKMARK [3][-]{subsubsection.3.2.6}{The Trigger}{subsection.3.2}% 22
