This is pdfTeX, Version 3.14159265-2.6-1.40.20 (TeX Live 2019/Debian) (preloaded format=pdflatex 2020.11.16)  3 MAR 2021 17:49
entering extended mode
 restricted \write18 enabled.
 file:line:error style messages enabled.
 %&-line parsing enabled.
**/home/jake/Desktop/Thesis/Latex_materials/Prog_2.tex
(/home/jake/Desktop/Thesis/Latex_materials/Prog_2.tex
LaTeX2e <2020-02-02> patch level 2
L3 programming layer <2020-02-14> (/usr/share/texlive/texmf-dist/tex/latex/base/article.cls
Document Class: article 2019/12/20 v1.4l Standard LaTeX document class
(/usr/share/texlive/texmf-dist/tex/latex/base/size12.clo
File: size12.clo 2019/12/20 v1.4l Standard LaTeX file (size option)
)
\c@part=\count167
\c@section=\count168
\c@subsection=\count169
\c@subsubsection=\count170
\c@paragraph=\count171
\c@subparagraph=\count172
\c@figure=\count173
\c@table=\count174
\abovecaptionskip=\skip47
\belowcaptionskip=\skip48
\bibindent=\dimen134
) (/usr/share/texlive/texmf-dist/tex/latex/graphics/graphicx.sty
Package: graphicx 2019/11/30 v1.2a Enhanced LaTeX Graphics (DPC,SPQR)
 (/usr/share/texlive/texmf-dist/tex/latex/graphics/keyval.sty
Package: keyval 2014/10/28 v1.15 key=value parser (DPC)
\KV@toks@=\toks14
) (/usr/share/texlive/texmf-dist/tex/latex/graphics/graphics.sty
Package: graphics 2019/11/30 v1.4a Standard LaTeX Graphics (DPC,SPQR)
 (/usr/share/texlive/texmf-dist/tex/latex/graphics/trig.sty
Package: trig 2016/01/03 v1.10 sin cos tan (DPC)
) (/usr/share/texlive/texmf-dist/tex/latex/graphics-cfg/graphics.cfg
File: graphics.cfg 2016/06/04 v1.11 sample graphics configuration
)
Package graphics Info: Driver file: pdftex.def on input line 105.
 (/usr/share/texlive/texmf-dist/tex/latex/graphics-def/pdftex.def
File: pdftex.def 2018/01/08 v1.0l Graphics/color driver for pdftex
))
\Gin@req@height=\dimen135
\Gin@req@width=\dimen136
) (/usr/share/texlive/texmf-dist/tex/latex/graphics/epsfig.sty
Package: epsfig 2017/06/25 v1.7b (e)psfig emulation (SPQR)
\epsfxsize=\dimen137
\epsfysize=\dimen138
) (/usr/share/texlive/texmf-dist/tex/latex/amsmath/amsmath.sty
Package: amsmath 2020/01/20 v2.17e AMS math features
\@mathmargin=\skip49

For additional information on amsmath, use the `?' option.
(/usr/share/texlive/texmf-dist/tex/latex/amsmath/amstext.sty
Package: amstext 2000/06/29 v2.01 AMS text
 (/usr/share/texlive/texmf-dist/tex/latex/amsmath/amsgen.sty
File: amsgen.sty 1999/11/30 v2.0 generic functions
\@emptytoks=\toks15
\ex@=\dimen139
)) (/usr/share/texlive/texmf-dist/tex/latex/amsmath/amsbsy.sty
Package: amsbsy 1999/11/29 v1.2d Bold Symbols
\pmbraise@=\dimen140
) (/usr/share/texlive/texmf-dist/tex/latex/amsmath/amsopn.sty
Package: amsopn 2016/03/08 v2.02 operator names
)
\inf@bad=\count175
LaTeX Info: Redefining \frac on input line 227.
\uproot@=\count176
\leftroot@=\count177
LaTeX Info: Redefining \overline on input line 389.
\classnum@=\count178
\DOTSCASE@=\count179
LaTeX Info: Redefining \ldots on input line 486.
LaTeX Info: Redefining \dots on input line 489.
LaTeX Info: Redefining \cdots on input line 610.
\Mathstrutbox@=\box45
\strutbox@=\box46
\big@size=\dimen141
LaTeX Font Info:    Redeclaring font encoding OML on input line 733.
LaTeX Font Info:    Redeclaring font encoding OMS on input line 734.
\macc@depth=\count180
\c@MaxMatrixCols=\count181
\dotsspace@=\muskip16
\c@parentequation=\count182
\dspbrk@lvl=\count183
\tag@help=\toks16
\row@=\count184
\column@=\count185
\maxfields@=\count186
\andhelp@=\toks17
\eqnshift@=\dimen142
\alignsep@=\dimen143
\tagshift@=\dimen144
\tagwidth@=\dimen145
\totwidth@=\dimen146
\lineht@=\dimen147
\@envbody=\toks18
\multlinegap=\skip50
\multlinetaggap=\skip51
\mathdisplay@stack=\toks19
LaTeX Info: Redefining \[ on input line 2859.
LaTeX Info: Redefining \] on input line 2860.
) (/usr/share/texlive/texmf-dist/tex/latex/tools/xspace.sty
Package: xspace 2014/10/28 v1.13 Space after command names (DPC,MH)
) (/usr/share/texlive/texmf-dist/tex/latex/fancybox/fancybox.sty
Package: fancybox 2010/05/15 1.4

Style option: `fancybox' v1.4 <2010/05/15> (tvz)
\@fancybox=\box47
\shadowsize=\dimen148
\@Sbox=\box48
\do@VerbBox=\toks20
\the@fancyput=\toks21
\this@fancyput=\toks22
\EndVerbatimTokens=\toks23
\Verbatim@Outfile=\write3
\Verbatim@Infile=\read2
) (/usr/share/texlive/texmf-dist/tex/latex/graphics/rotating.sty
Package: rotating 2016/08/11 v2.16d rotated objects in LaTeX
 (/usr/share/texlive/texmf-dist/tex/latex/base/ifthen.sty
Package: ifthen 2014/09/29 v1.1c Standard LaTeX ifthen package (DPC)
)
\c@r@tfl@t=\count187
\rotFPtop=\skip52
\rotFPbot=\skip53
\rot@float@box=\box49
\rot@mess@toks=\toks24
) (/usr/share/texlive/texmf-dist/tex/latex/caption/subcaption.sty
Package: subcaption 2020/01/22 v1.3d Sub-captions (AR)
 (/usr/share/texlive/texmf-dist/tex/latex/caption/caption.sty
Package: caption 2020/01/03 v3.4h Customizing captions (AR)
 (/usr/share/texlive/texmf-dist/tex/latex/caption/caption3.sty
Package: caption3 2020/01/03 v1.8h caption3 kernel (AR)
Package caption3 Info: TeX engine: e-TeX on input line 61.
\captionmargin=\dimen149
\captionmargin@=\dimen150
\captionwidth=\dimen151
\caption@tempdima=\dimen152
\caption@indent=\dimen153
\caption@parindent=\dimen154
\caption@hangindent=\dimen155
Package caption Info: Standard document class detected.
)
\c@caption@flags=\count188
\c@continuedfloat=\count189
Package caption Info: rotating package is loaded.
)
\c@subfigure=\count190
\c@subtable=\count191
) (/usr/share/texlive/texmf-dist/tex/latex/comment/comment.sty
\CommentStream=\write4
 Excluding comment 'comment') (/usr/share/texlive/texmf-dist/tex/latex/float/float.sty
Package: float 2001/11/08 v1.3d Float enhancements (AL)
\c@float@type=\count192
\float@exts=\toks25
\float@box=\box50
\@float@everytoks=\toks26
\@floatcapt=\box51
) (/usr/share/texlive/texmf-dist/tex/latex/was/upgreek.sty
Package: upgreek 2003/02/12 v2.0 (WaS)
Package upgreek Info: Using Euler Roman for upright Greek on input line 31.
\symugrf@m=\mathgroup4
LaTeX Font Info:    Overwriting symbol font `ugrf@m' in version `bold'
(Font)                  U/eur/m/n --> U/eur/b/n on input line 38.
) (/usr/share/texlive/texmf-dist/tex/latex/base/inputenc.sty
Package: inputenc 2018/08/11 v1.3c Input encoding file
\inpenc@prehook=\toks27
\inpenc@posthook=\toks28
) (/usr/share/texlive/texmf-dist/tex/latex/natbib/natbib.sty
Package: natbib 2010/09/13 8.31b (PWD, AO)
\bibhang=\skip54
\bibsep=\skip55
LaTeX Info: Redefining \cite on input line 694.
\c@NAT@ctr=\count193
) (/usr/share/texlive/texmf-dist/tex/latex/graphics/color.sty
Package: color 2019/11/23 v1.2a Standard LaTeX Color (DPC)
 (/usr/share/texlive/texmf-dist/tex/latex/graphics-cfg/color.cfg
File: color.cfg 2016/01/02 v1.6 sample color configuration
)
Package color Info: Driver file: pdftex.def on input line 147.
) (/usr/share/texlive/texmf-dist/tex/latex/hyperref/hyperref.sty
Package: hyperref 2020/01/14 v7.00d Hypertext links for LaTeX
 (/usr/share/texlive/texmf-dist/tex/generic/ltxcmds/ltxcmds.sty
Package: ltxcmds 2019/12/15 v1.24 LaTeX kernel commands for general use (HO)
) (/usr/share/texlive/texmf-dist/tex/generic/iftex/iftex.sty
Package: iftex 2019/11/07 v1.0c TeX engine tests
) (/usr/share/texlive/texmf-dist/tex/latex/pdftexcmds/pdftexcmds.sty
Package: pdftexcmds 2019/11/24 v0.31 Utility functions of pdfTeX for LuaTeX (HO)
 (/usr/share/texlive/texmf-dist/tex/generic/infwarerr/infwarerr.sty
Package: infwarerr 2019/12/03 v1.5 Providing info/warning/error messages (HO)
)
Package pdftexcmds Info: \pdf@primitive is available.
Package pdftexcmds Info: \pdf@ifprimitive is available.
Package pdftexcmds Info: \pdfdraftmode found.
) (/usr/share/texlive/texmf-dist/tex/generic/kvsetkeys/kvsetkeys.sty
Package: kvsetkeys 2019/12/15 v1.18 Key value parser (HO)
) (/usr/share/texlive/texmf-dist/tex/generic/kvdefinekeys/kvdefinekeys.sty
Package: kvdefinekeys 2019-12-19 v1.6 Define keys (HO)
) (/usr/share/texlive/texmf-dist/tex/generic/pdfescape/pdfescape.sty
Package: pdfescape 2019/12/09 v1.15 Implements pdfTeX's escape features (HO)
) (/usr/share/texlive/texmf-dist/tex/latex/hycolor/hycolor.sty
Package: hycolor 2020-01-27 v1.10 Color options for hyperref/bookmark (HO)
) (/usr/share/texlive/texmf-dist/tex/latex/letltxmacro/letltxmacro.sty
Package: letltxmacro 2019/12/03 v1.6 Let assignment for LaTeX macros (HO)
) (/usr/share/texlive/texmf-dist/tex/latex/auxhook/auxhook.sty
Package: auxhook 2019-12-17 v1.6 Hooks for auxiliary files (HO)
) (/usr/share/texlive/texmf-dist/tex/latex/kvoptions/kvoptions.sty
Package: kvoptions 2019/11/29 v3.13 Key value format for package options (HO)
)
\@linkdim=\dimen156
\Hy@linkcounter=\count194
\Hy@pagecounter=\count195
 (/usr/share/texlive/texmf-dist/tex/latex/hyperref/pd1enc.def
File: pd1enc.def 2020/01/14 v7.00d Hyperref: PDFDocEncoding definition (HO)
Now handling font encoding PD1 ...
... no UTF-8 mapping file for font encoding PD1
) (/usr/share/texlive/texmf-dist/tex/generic/intcalc/intcalc.sty
Package: intcalc 2019/12/15 v1.3 Expandable calculations with integers (HO)
) (/usr/share/texlive/texmf-dist/tex/generic/etexcmds/etexcmds.sty
Package: etexcmds 2019/12/15 v1.7 Avoid name clashes with e-TeX commands (HO)
)
\Hy@SavedSpaceFactor=\count196
\pdfmajorversion=\count197
Package hyperref Info: Hyper figures OFF on input line 4547.
Package hyperref Info: Link nesting OFF on input line 4552.
Package hyperref Info: Hyper index ON on input line 4555.
Package hyperref Info: Plain pages OFF on input line 4562.
Package hyperref Info: Backreferencing OFF on input line 4567.
Package hyperref Info: Implicit mode ON; LaTeX internals redefined.
Package hyperref Info: Bookmarks ON on input line 4800.
\c@Hy@tempcnt=\count198
 (/usr/share/texlive/texmf-dist/tex/latex/url/url.sty
\Urlmuskip=\muskip17
Package: url 2013/09/16  ver 3.4  Verb mode for urls, etc.
)
LaTeX Info: Redefining \url on input line 5159.
\XeTeXLinkMargin=\dimen157
 (/usr/share/texlive/texmf-dist/tex/generic/bitset/bitset.sty
Package: bitset 2019/12/09 v1.3 Handle bit-vector datatype (HO)
 (/usr/share/texlive/texmf-dist/tex/generic/bigintcalc/bigintcalc.sty
Package: bigintcalc 2019/12/15 v1.5 Expandable calculations on big integers (HO)
))
\Fld@menulength=\count199
\Field@Width=\dimen158
\Fld@charsize=\dimen159
Package hyperref Info: Hyper figures OFF on input line 6430.
Package hyperref Info: Link nesting OFF on input line 6435.
Package hyperref Info: Hyper index ON on input line 6438.
Package hyperref Info: backreferencing OFF on input line 6445.
Package hyperref Info: Link coloring OFF on input line 6450.
Package hyperref Info: Link coloring with OCG OFF on input line 6455.
Package hyperref Info: PDF/A mode OFF on input line 6460.
LaTeX Info: Redefining \ref on input line 6500.
LaTeX Info: Redefining \pageref on input line 6504.
 (/usr/share/texlive/texmf-dist/tex/generic/atbegshi/atbegshi.sty
Package: atbegshi 2019/12/05 v1.19 At begin shipout hook (HO)
)
\Hy@abspage=\count266
\c@Item=\count267
\c@Hfootnote=\count268
)
Package hyperref Info: Driver (autodetected): hpdftex.
 (/usr/share/texlive/texmf-dist/tex/latex/hyperref/hpdftex.def
File: hpdftex.def 2020/01/14 v7.00d Hyperref driver for pdfTeX
 (/usr/share/texlive/texmf-dist/tex/latex/atveryend/atveryend.sty
Package: atveryend 2019-12-11 v1.11 Hooks at the very end of document (HO)
Package atveryend Info: \enddocument detected (standard20110627).
)
\Fld@listcount=\count269
\c@bookmark@seq@number=\count270
 (/usr/share/texlive/texmf-dist/tex/latex/rerunfilecheck/rerunfilecheck.sty
Package: rerunfilecheck 2019/12/05 v1.9 Rerun checks for auxiliary files (HO)
 (/usr/share/texlive/texmf-dist/tex/generic/uniquecounter/uniquecounter.sty
Package: uniquecounter 2019/12/15 v1.4 Provide unlimited unique counter (HO)
)
Package uniquecounter Info: New unique counter `rerunfilecheck' on input line 286.
)
\Hy@SectionHShift=\skip56
)
Package hyperref Info: Option `colorlinks' set `true' on input line 24.
 (/usr/share/texlive/texmf-dist/tex/latex/titlesec/titlesec.sty
Package: titlesec 2019/10/16 v2.13 Sectioning titles
\ttl@box=\box52
\beforetitleunit=\skip57
\aftertitleunit=\skip58
\ttl@plus=\dimen160
\ttl@minus=\dimen161
\ttl@toksa=\toks29
\titlewidth=\dimen162
\titlewidthlast=\dimen163
\titlewidthfirst=\dimen164
) (/usr/share/texlive/texmf-dist/tex/latex/csquotes/csquotes.sty
Package: csquotes 2019-12-06 v5.2j context-sensitive quotations (JAW)
 (/usr/share/texlive/texmf-dist/tex/latex/etoolbox/etoolbox.sty
Package: etoolbox 2019/09/21 v2.5h e-TeX tools for LaTeX (JAW)
\etb@tempcnta=\count271
)
\csq@reset=\count272
\csq@gtype=\count273
\csq@glevel=\count274
\csq@qlevel=\count275
\csq@maxlvl=\count276
\csq@tshold=\count277
\csq@ltx@everypar=\toks30
 (/usr/share/texlive/texmf-dist/tex/latex/csquotes/csquotes.def
File: csquotes.def 2019-12-06 v5.2j csquotes generic definitions (JAW)
)
Package csquotes Info: Trying to load configuration file 'csquotes.cfg'...
Package csquotes Info: ... configuration file loaded successfully.
 (/usr/share/texlive/texmf-dist/tex/latex/csquotes/csquotes.cfg
File: csquotes.cfg 
))
Package csquotes Info: Allocating character ".
 (/usr/share/texlive/texmf-dist/tex/latex/chngcntr/chngcntr.sty
Package: chngcntr 2018/04/09 v1.1a change counter resetting
Package chngcntr Info: \counterwithout already defined.
(chngcntr)             Quitting chngcntr on input line 21.
)
   defining Unicode char U+0227 (decimal 551)
Package csquotes Info: Checking for multilingual support...
Package csquotes Info: ... none found.
 (/usr/share/texlive/texmf-dist/tex/latex/l3backend/l3backend-pdfmode.def
File: l3backend-pdfmode.def 2020-02-03 L3 backend support: PDF mode
\l__kernel_color_stack_int=\count278
\l__pdf_internal_box=\box53
)

LaTeX Warning: Unused global option(s):
    [epsf,portrait,times,epsfig].

(/home/jake/Desktop/Thesis/Latex_materials/Prog_2.aux)
\openout1 = `Prog_2.aux'.

LaTeX Font Info:    Checking defaults for OML/cmm/m/it on input line 48.
LaTeX Font Info:    ... okay on input line 48.
LaTeX Font Info:    Checking defaults for OMS/cmsy/m/n on input line 48.
LaTeX Font Info:    ... okay on input line 48.
LaTeX Font Info:    Checking defaults for OT1/cmr/m/n on input line 48.
LaTeX Font Info:    ... okay on input line 48.
LaTeX Font Info:    Checking defaults for T1/cmr/m/n on input line 48.
LaTeX Font Info:    ... okay on input line 48.
LaTeX Font Info:    Checking defaults for TS1/cmr/m/n on input line 48.
LaTeX Font Info:    ... okay on input line 48.
LaTeX Font Info:    Checking defaults for OMX/cmex/m/n on input line 48.
LaTeX Font Info:    ... okay on input line 48.
LaTeX Font Info:    Checking defaults for U/cmr/m/n on input line 48.
LaTeX Font Info:    ... okay on input line 48.
LaTeX Font Info:    Checking defaults for PD1/pdf/m/n on input line 48.
LaTeX Font Info:    ... okay on input line 48.
 (/usr/share/texlive/texmf-dist/tex/context/base/mkii/supp-pdf.mkii
[Loading MPS to PDF converter (version 2006.09.02).]
\scratchcounter=\count279
\scratchdimen=\dimen165
\scratchbox=\box54
\nofMPsegments=\count280
\nofMParguments=\count281
\everyMPshowfont=\toks31
\MPscratchCnt=\count282
\MPscratchDim=\dimen166
\MPnumerator=\count283
\makeMPintoPDFobject=\count284
\everyMPtoPDFconversion=\toks32
) (/usr/share/texlive/texmf-dist/tex/latex/epstopdf-pkg/epstopdf-base.sty
Package: epstopdf-base 2020-01-24 v2.11 Base part for package epstopdf
Package epstopdf-base Info: Redefining graphics rule for `.eps' on input line 485.
 (/usr/share/texlive/texmf-dist/tex/latex/latexconfig/epstopdf-sys.cfg
File: epstopdf-sys.cfg 2010/07/13 v1.3 Configuration of (r)epstopdf for TeX Live
))
Package caption Info: Begin \AtBeginDocument code.
Package caption Info: float package is loaded.
Package caption Info: hyperref package is loaded.
Package caption Info: End \AtBeginDocument code.
\AtBeginShipoutBox=\box55
Package hyperref Info: Link coloring ON on input line 48.
 (/usr/share/texlive/texmf-dist/tex/latex/hyperref/nameref.sty
Package: nameref 2019/09/16 v2.46 Cross-referencing by name of section
 (/usr/share/texlive/texmf-dist/tex/latex/refcount/refcount.sty
Package: refcount 2019/12/15 v3.6 Data extraction from label references (HO)
) (/usr/share/texlive/texmf-dist/tex/generic/gettitlestring/gettitlestring.sty
Package: gettitlestring 2019/12/15 v1.6 Cleanup title references (HO)
)
\c@section@level=\count285
)
LaTeX Info: Redefining \ref on input line 48.
LaTeX Info: Redefining \pageref on input line 48.
LaTeX Info: Redefining \nameref on input line 48.
 (/home/jake/Desktop/Thesis/Latex_materials/Prog_2.out) (/home/jake/Desktop/Thesis/Latex_materials/Prog_2.out)
\@outlinefile=\write5
\openout5 = `Prog_2.out'.

Package csquotes Info: Making character " active on input line 48.
 [1

{/var/lib/texmf/fonts/map/pdftex/updmap/pdftex.map}] (/home/jake/Desktop/Thesis/Latex_materials/Prog_2.toc)
\tf@toc=\write6
\openout6 = `Prog_2.toc'.

 [1] Excluding 'comment' comment. Excluding 'comment' comment.pdfTeX warning (ext4): destination with the same identifier (name{page.1}) has been already used, duplicate ignored
<to be read again> 
                   \relax 
l.101 	
        [1] [2] [3] [4] [5]
<Standard_Model.png, id=233, 1027.84pt x 983.675pt>
File: Standard_Model.png Graphic file (type png)
<use Standard_Model.png>
Package pdftex.def Info: Standard_Model.png  used on input line 256.
(pdftex.def)             Requested size: 308.35437pt x 295.10478pt.


LaTeX Warning: `!h' float specifier changed to `!ht'.

[6] [7 </home/jake/Desktop/Thesis/Latex_materials/Standard_Model.png>] [8] [9] [10] [11] [12] [13]
<Zbb_2.png, id=319, 394.47375pt x 228.855pt>
File: Zbb_2.png Graphic file (type png)
<use Zbb_2.png>
Package pdftex.def Info: Zbb_2.png  used on input line 587.
(pdftex.def)             Requested size: 197.23639pt x 114.42722pt.
<Gluon_Pair.png, id=320, 445.665pt x 265.99374pt>
File: Gluon_Pair.png Graphic file (type png)
<use Gluon_Pair.png>
Package pdftex.def Info: Gluon_Pair.png  used on input line 593.
(pdftex.def)             Requested size: 187.17802pt x 111.7166pt.


LaTeX Warning: `!h' float specifier changed to `!ht'.

Excluding 'comment' comment. [14] Excluding 'comment' comment.
<Zbb_3.png, id=336, 280.79906pt x 307.90031pt>
File: Zbb_3.png Graphic file (type png)
<use Zbb_3.png>
Package pdftex.def Info: Zbb_3.png  used on input line 631.
(pdftex.def)             Requested size: 140.39919pt x 153.94977pt.


LaTeX Warning: `!h' float specifier changed to `!ht'.

[15 </home/jake/Desktop/Thesis/Latex_materials/Zbb_2.png> </home/jake/Desktop/Thesis/Latex_materials/Gluon_Pair.png>]
<Gluon_ttbar.png, id=346, 680.5425pt x 474.77374pt>
File: Gluon_ttbar.png Graphic file (type png)
<use Gluon_ttbar.png>
Package pdftex.def Info: Gluon_ttbar.png  used on input line 647.
(pdftex.def)             Requested size: 204.16432pt x 142.43321pt.
<Single_Quark.png, id=347, 403.5075pt x 328.22626pt>
File: Single_Quark.png Graphic file (type png)
<use Single_Quark.png>
Package pdftex.def Info: Single_Quark.png  used on input line 653.
(pdftex.def)             Requested size: 161.40013pt x 131.28816pt.


LaTeX Warning: `!h' float specifier changed to `!ht'.

Excluding 'comment' comment. [16 </home/jake/Desktop/Thesis/Latex_materials/Zbb_3.png>]
<ZqqZll.png, id=356, 490.83376pt x 315.1775pt>
File: ZqqZll.png Graphic file (type png)
<use ZqqZll.png>
Package pdftex.def Info: ZqqZll.png  used on input line 676.
(pdftex.def)             Requested size: 220.87314pt x 141.82855pt.
<WqqZll.png, id=357, 483.8075pt x 337.26pt>
File: WqqZll.png Graphic file (type png)
<use WqqZll.png>
Package pdftex.def Info: WqqZll.png  used on input line 682.
(pdftex.def)             Requested size: 203.19775pt x 141.64822pt.


LaTeX Warning: `h' float specifier changed to `ht'.

<ZZ4l.png, id=358, 483.8075pt x 337.26pt>
File: ZZ4l.png Graphic file (type png)
<use ZZ4l.png>
Package pdftex.def Info: ZZ4l.png  used on input line 692.
(pdftex.def)             Requested size: 217.71136pt x 151.7656pt.

LaTeX Warning: `!h' float specifier changed to `!ht'.

[17 </home/jake/Desktop/Thesis/Latex_materials/Gluon_ttbar.png> </home/jake/Desktop/Thesis/Latex_materials/Single_Quark.png>] [18 </home/jake/Desktop/Thesis/Latex_materials/ZqqZll.png> </home/jake/Desktop/Thesis/Latex_materials/WqqZll.png> </home/jake/Desktop/Thesis/Latex_materials/ZZ4l.png>] [19]
<LHC_Rings.jpg, id=389, 803.0pt x 563.10374pt>
File: LHC_Rings.jpg Graphic file (type jpg)
<use LHC_Rings.jpg>
Package pdftex.def Info: LHC_Rings.jpg  used on input line 726.
(pdftex.def)             Requested size: 401.49902pt x 281.55118pt.
 [20 </home/jake/Desktop/Thesis/Latex_materials/LHC_Rings.jpg>]
<LHC_Octants.jpeg, id=410, 498.86375pt x 433.62pt>
File: LHC_Octants.jpeg Graphic file (type jpg)
<use LHC_Octants.jpeg>
Package pdftex.def Info: LHC_Octants.jpeg  used on input line 741.
(pdftex.def)             Requested size: 249.43126pt x 216.80946pt.
 [21 </home/jake/Desktop/Thesis/Latex_materials/LHC_Octants.jpeg>] [22]
<LHC_Beam_Structure.png, id=442, 1384.17125pt x 449.68pt>
File: LHC_Beam_Structure.png Graphic file (type png)
<use LHC_Beam_Structure.png>
Package pdftex.def Info: LHC_Beam_Structure.png  used on input line 762.
(pdftex.def)             Requested size: 415.25458pt x 134.90503pt.
 [23 </home/jake/Desktop/Thesis/Latex_materials/LHC_Beam_Structure.png>]
<ATLAS_Luminosity_Time.png, id=457, 798.985pt x 574.145pt>
File: ATLAS_Luminosity_Time.png Graphic file (type png)
<use ATLAS_Luminosity_Time.png>
Package pdftex.def Info: ATLAS_Luminosity_Time.png  used on input line 810.
(pdftex.def)             Requested size: 215.72884pt x 155.02122pt.
<ATLAS_Luminosity_Total.png, id=458, 798.985pt x 574.145pt>
File: ATLAS_Luminosity_Total.png Graphic file (type png)
<use ATLAS_Luminosity_Total.png>
Package pdftex.def Info: ATLAS_Luminosity_Total.png  used on input line 816.
(pdftex.def)             Requested size: 215.72884pt x 155.02122pt.
 [24]
<ATLAS_Pileup_Run2.png, id=471, 798.985pt x 574.145pt>
File: ATLAS_Pileup_Run2.png Graphic file (type png)
<use ATLAS_Pileup_Run2.png>
Package pdftex.def Info: ATLAS_Pileup_Run2.png  used on input line 848.
(pdftex.def)             Requested size: 319.58833pt x 229.65393pt.
 [25 </home/jake/Desktop/Thesis/Latex_materials/ATLAS_Luminosity_Time.png> </home/jake/Desktop/Thesis/Latex_materials/ATLAS_Luminosity_Total.png>] [26 </home/jake/Desktop/Thesis/Latex_materials/ATLAS_Pileup_Run2.png>]
<ATLAS.jpg, id=496, 308.352pt x 180.4341pt>
File: ATLAS.jpg Graphic file (type jpg)
<use ATLAS.jpg>
Package pdftex.def Info: ATLAS.jpg  used on input line 867.
(pdftex.def)             Requested size: 308.35124pt x 180.43364pt.
 [27 </home/jake/Desktop/Thesis/Latex_materials/ATLAS.jpg>]
<Magnet_Layout.png, id=507, 1830.84pt x 1228.59pt>
File: Magnet_Layout.png Graphic file (type png)
<use Magnet_Layout.png>
Package pdftex.def Info: Magnet_Layout.png  used on input line 902.
(pdftex.def)             Requested size: 274.61415pt x 184.28055pt.
 [28]
<Magnetic_Field.png, id=522, 1104.125pt x 511.9125pt>
File: Magnetic_Field.png Graphic file (type png)
<use Magnetic_Field.png>
Package pdftex.def Info: Magnetic_Field.png  used on input line 915.
(pdftex.def)             Requested size: 441.64218pt x 204.76137pt.
 [29 </home/jake/Desktop/Thesis/Latex_materials/Magnet_Layout.png>]
<Inner_Detector.png, id=545, 424.58624pt x 285.065pt>
File: Inner_Detector.png Graphic file (type png)
<use Inner_Detector.png>
Package pdftex.def Info: Inner_Detector.png  used on input line 930.
(pdftex.def)             Requested size: 297.20834pt x 199.54413pt.
<ATLAS_ID_Layers.png, id=548, 853.1875pt x 743.77875pt>
File: ATLAS_ID_Layers.png Graphic file (type png)
<use ATLAS_ID_Layers.png>
Package pdftex.def Info: ATLAS_ID_Layers.png  used on input line 937.
(pdftex.def)             Requested size: 341.26895pt x 297.50623pt.
 [30 </home/jake/Desktop/Thesis/Latex_materials/Magnetic_Field.png>] [31 </home/jake/Desktop/Thesis/Latex_materials/Inner_Detector.png> </home/jake/Desktop/Thesis/Latex_materials/ATLAS_ID_Layers.png>] [32]
<ATLAS_Calorimeters.png, id=585, 853.1875pt x 557.08125pt>
File: ATLAS_Calorimeters.png Graphic file (type png)
<use ATLAS_Calorimeters.png>
Package pdftex.def Info: ATLAS_Calorimeters.png  used on input line 984.
(pdftex.def)             Requested size: 341.26895pt x 222.82855pt.
 [33] [34 </home/jake/Desktop/Thesis/Latex_materials/ATLAS_Calorimeters.png>]
<ATLAS_EMCal_Accordion.png, id=605, 853.1875pt x 690.58pt>
File: ATLAS_EMCal_Accordion.png Graphic file (type png)
<use ATLAS_EMCal_Accordion.png>
Package pdftex.def Info: ATLAS_EMCal_Accordion.png  used on input line 1008.
(pdftex.def)             Requested size: 341.26895pt x 276.2271pt.
 [35 </home/jake/Desktop/Thesis/Latex_materials/ATLAS_EMCal_Accordion.png>] [36]
<Muon_System.png, id=635, 1027.84pt x 770.88pt>
File: Muon_System.png Graphic file (type png)
<use Muon_System.png>
Package pdftex.def Info: Muon_System.png  used on input line 1060.
(pdftex.def)             Requested size: 308.35437pt x 231.26578pt.
 [37] [38 </home/jake/Desktop/Thesis/Latex_materials/Muon_System.png (PNG copy)>]
<Muon_schematic_transp.png, id=660, 226.6869pt x 133.6995pt>
File: Muon_schematic_transp.png Graphic file (type png)
<use Muon_schematic_transp.png>
Package pdftex.def Info: Muon_schematic_transp.png  used on input line 1081.
(pdftex.def)             Requested size: 340.02951pt x 200.54874pt.
 [39 </home/jake/Desktop/Thesis/Latex_materials/muon_schematic_transp.png>]
<ATLAS_Trigger_Flowchart.png, id=673, 893.3375pt x 713.66624pt>
File: ATLAS_Trigger_Flowchart.png Graphic file (type png)
<use ATLAS_Trigger_Flowchart.png>
Package pdftex.def Info: ATLAS_Trigger_Flowchart.png  used on input line 1098.
(pdftex.def)             Requested size: 357.32866pt x 285.46143pt.
 [40 </home/jake/Desktop/Thesis/Latex_materials/ATLAS_Trigger_Flowchart.png>] [41] [42] (/home/jake/Desktop/Thesis/Latex_materials/Prog_2.bbl [43] [44] [45] [46] [47] [48])
Package atveryend Info: Empty hook `BeforeClearDocument' on input line 1126.
 [49]
Package atveryend Info: Empty hook `AfterLastShipout' on input line 1126.
 (/home/jake/Desktop/Thesis/Latex_materials/Prog_2.aux)
Package atveryend Info: Executing hook `AtVeryEndDocument' on input line 1126.
Package atveryend Info: Executing hook `AtEndAfterFileList' on input line 1126.
Package rerunfilecheck Info: File `Prog_2.out' has not changed.
(rerunfilecheck)             Checksum: BCE04C968EF868B5B24A81C5E9CBA2AE;1868.


LaTeX Warning: Label(s) may have changed. Rerun to get cross-references right.

Package atveryend Info: Empty hook `AtVeryVeryEnd' on input line 1126.
 ) 
Here is how much of TeX's memory you used:
 9745 strings out of 483183
 150171 string characters out of 5966291
 429221 words of memory out of 5000000
 24355 multiletter control sequences out of 15000+600000
 541694 words of font info for 57 fonts, out of 8000000 for 9000
 14 hyphenation exceptions out of 8191
 48i,20n,46p,1125b,747s stack positions out of 5000i,500n,10000p,200000b,80000s
 </home/jake/.texlive2019/texmf-var/fonts/pk/ljfour/jknappen/ec/tcrm1200.600pk></usr/share/texlive/texmf-dist/fonts/type1/public/amsfonts/cm/cmbx12.pfb></usr/share/texlive/texmf-dist/fonts/type1/public/amsfonts/cm/cmex10.pfb></usr/share/texlive/texmf-dist/fonts/type1/public/amsfonts/cm/cmmi10.pfb></usr/share/texlive/texmf-dist/fonts/type1/public/amsfonts/cm/cmmi12.pfb></usr/share/texlive/texmf-dist/fonts/type1/public/amsfonts/cm/cmmi6.pfb></usr/share/texlive/texmf-dist/fonts/type1/public/amsfonts/cm/cmmi7.pfb></usr/share/texlive/texmf-dist/fonts/type1/public/amsfonts/cm/cmmi8.pfb></usr/share/texlive/texmf-dist/fonts/type1/public/amsfonts/cm/cmr10.pfb></usr/share/texlive/texmf-dist/fonts/type1/public/amsfonts/cm/cmr12.pfb></usr/share/texlive/texmf-dist/fonts/type1/public/amsfonts/cm/cmr7.pfb></usr/share/texlive/texmf-dist/fonts/type1/public/amsfonts/cm/cmr8.pfb></usr/share/texlive/texmf-dist/fonts/type1/public/amsfonts/cm/cmsy10.pfb></usr/share/texlive/texmf-dist/fonts/type1/public/amsfonts/cm/cmsy8.pfb></usr/share/texlive/texmf-dist/fonts/type1/public/amsfonts/cm/cmti12.pfb></usr/share/texlive/texmf-dist/fonts/type1/public/amsfonts/cm/cmtt12.pfb>
Output written on /home/jake/Desktop/Thesis/Latex_materials/Prog_2.pdf (51 pages, 3995806 bytes).
PDF statistics:
 918 PDF objects out of 1000 (max. 8388607)
 783 compressed objects within 8 object streams
 229 named destinations out of 1000 (max. 500000)
 334 words of extra memory for PDF output out of 10000 (max. 10000000)

